<?xml version="1.0" encoding="UTF-8"?>
<!-- Generated by org.testng.reporters.JUnitXMLReporter -->
<testsuite hostname="RMM-LT-753" ignored="2" name="Test" tests="2" failures="0" timestamp="26 Jul 2019 09:15:09 GMT" time="0.656" errors="0">
  <testcase name="@BeforeMethod beforeTest" time="0.0" classname="com.base.utils.BaseTest">
    <failure type="java.lang.NullPointerException">
      <![CDATA[java.lang.NullPointerException
at com.base.utils.BaseTest.beforeTest(BaseTest.java:47)
... Removed 28 stack frames]]>
    </failure>
  </testcase> <!-- @BeforeMethod beforeTest -->
  <testcase name="@AfterMethod afterTest" time="0.0" classname="com.base.utils.BaseTest">
    <skipped/>
  </testcase> <!-- @AfterMethod afterTest -->
  <testcase name="userNameVerification" time="0.012" classname="com.Cont.test.TestCases1"/>
  <testcase name="companyVerification" time="0.0" classname="com.Cont.test.TestCase2">
    <skipped/>
  </testcase> <!-- companyVerification -->
  <testcase name="@AfterTest tearDown" time="0.0" classname="com.base.utils.BaseTest">
    <ignored/>
  </testcase> <!-- @AfterTest tearDown -->
  <testcase name="@BeforeTest setup" time="0.0" classname="com.base.utils.BaseTest">
    <ignored/>
  </testcase> <!-- @BeforeTest setup -->
</testsuite> <!-- Test -->
