<?xml version="1.0" encoding="UTF-8"?>
<!-- Generated by org.testng.reporters.JUnitXMLReporter -->
<testsuite hostname="RMM-LT-753" ignored="0" name="Test" tests="2" failures="1" timestamp="26 Jul 2019 06:21:15 GMT" time="0.056" errors="0">
  <testcase name="jenkinsLogsVerification" time="0.004" classname="com.Cont.test.TestCases1"/>
  <testcase name="jenkinsLogsVerification" time="0.0" classname="com.Cont.test.TestCase2">
    <failure type="java.lang.AssertionError" message="Failed to verify organization Name expected [ContinuuMumbai] but found [ContinuumPune]">
      <![CDATA[java.lang.AssertionError: Failed to verify organization Name expected [ContinuuMumbai] but found [ContinuumPune]
at com.Cont.test.TestCase2.jenkinsLogsVerification(TestCase2.java:12)
... Removed 33 stack frames]]>
    </failure>
  </testcase> <!-- jenkinsLogsVerification -->
</testsuite> <!-- Test -->
